Removed Member From Class: ClassName=学习型红外转发器-MCU Member=C9
Removed Member From Class: ClassName=学习型红外转发器-MCU Member=C12
Removed Member From Class: ClassName=学习型红外转发器 Member=J1
Removed Member From Class: ClassName=学习型红外转发器 Member=R1
Removed Member From Class: ClassName=学习型红外转发器 Member=R2
Removed Member From Class: ClassName=学习型红外转发器 Member=R3
Removed Member From Class: ClassName=学习型红外转发器 Member=R5
Removed Member From Class: ClassName=学习型红外转发器 Member=R6
Removed Member From Class: ClassName=学习型红外转发器-MCU Member=R11
Removed Member From Class: ClassName=学习型红外转发器-MCU Member=R16
Removed Member From Class: ClassName=学习型红外转发器 Member=U1
Change Component DesignItemId : Designator=S1 Old DesignItemId=SW-PB_6X6X5-4P-BK-SMD New DesignItemId=SW-PB_6X6X4.3-4P-R-SMD
Change Component Footprint: Designator=S1 Old Footprint=SW2-6.0X6.0-BK-SMD New Footprint=SW2-6.0X6.0X4.3-R-SMD
Change Component Comment : Designator=S1 Old Comment=6X6X5,黑 New Comment=6X6X4.3,红
Change Component Description : Designator=S1 Old Description=6X6X5,贴片 New Description=6X6X4.3,红,贴片
Change Component Library : Designator=S1 Old Library=按键开关.IntLib New Library=6x6轻触开关.SchLib
Change component parameters: Designator = "J3"; Footprint = "HDRM-2.54-1*5P-AK1"; UniqueID = "\TLCSPCNK"
Change component parameters. Clean all parameters for all variants
Change component parameters (AddParameter): Name = "DatasheetDocument"; Value = ""; VariantName = "[No Variations]"
Change component parameters (AddParameter): Name = "供应商"; Value = ""; VariantName = "[No Variations]"
Change component parameters (AddParameter): Name = "单价"; Value = ""; VariantName = "[No Variations]"
Change component parameters (AddParameter): Name = "品牌"; Value = ""; VariantName = "[No Variations]"
Change component parameters (AddParameter): Name = "物料名称"; Value = "排针"; VariantName = "[No Variations]"
Change component parameters (AddParameter): Name = "编码"; Value = ""; VariantName = "[No Variations]"
Change component parameters (AddParameter): Name = "规格/型号"; Value = "排针,间距2.54,1*5P,180°直插"; VariantName = "[No Variations]"
Change component parameters (AddParameter): Name = "配件"; Value = ""; VariantName = "[No Variations]"
Change component parameters: Designator = "LED1"; Footprint = "IR-F5-V"; UniqueID = "\TQXDGLWA"
Change component parameters. Clean all parameters for all variants
Change component parameters (AddParameter): Name = "供应商"; Value = ""; VariantName = "[No Variations]"
Change component parameters (AddParameter): Name = "品牌"; Value = ""; VariantName = "[No Variations]"
Change component parameters (AddParameter): Name = "物料名称"; Value = "直插二极管"; VariantName = "[No Variations]"
Change component parameters (AddParameter): Name = "编码"; Value = ""; VariantName = "[No Variations]"
Change component parameters (AddParameter): Name = "规格/型号"; Value = "F5,圆头,红外发射"; VariantName = "[No Variations]"
Change component parameters: Designator = "LED2"; Footprint = "IR-F5-V"; UniqueID = "\YVKBYGYT"
Change component parameters. Clean all parameters for all variants
Change component parameters (AddParameter): Name = "供应商"; Value = ""; VariantName = "[No Variations]"
Change component parameters (AddParameter): Name = "品牌"; Value = ""; VariantName = "[No Variations]"
Change component parameters (AddParameter): Name = "物料名称"; Value = "直插二极管"; VariantName = "[No Variations]"
Change component parameters (AddParameter): Name = "编码"; Value = ""; VariantName = "[No Variations]"
Change component parameters (AddParameter): Name = "规格/型号"; Value = "F5,圆头,红外发射"; VariantName = "[No Variations]"
Change component parameters: Designator = "LED3"; Footprint = "IR-F5-V"; UniqueID = "\XATMVIUX"
Change component parameters. Clean all parameters for all variants
Change component parameters (AddParameter): Name = "供应商"; Value = ""; VariantName = "[No Variations]"
Change component parameters (AddParameter): Name = "品牌"; Value = ""; VariantName = "[No Variations]"
Change component parameters (AddParameter): Name = "物料名称"; Value = "直插二极管"; VariantName = "[No Variations]"
Change component parameters (AddParameter): Name = "编码"; Value = ""; VariantName = "[No Variations]"
Change component parameters (AddParameter): Name = "规格/型号"; Value = "F5,圆头,红外发射"; VariantName = "[No Variations]"
Change component parameters: Designator = "LED4"; Footprint = "IR-F5-V"; UniqueID = "\LKKCYNMQ"
Change component parameters. Clean all parameters for all variants
Change component parameters (AddParameter): Name = "供应商"; Value = ""; VariantName = "[No Variations]"
Change component parameters (AddParameter): Name = "品牌"; Value = ""; VariantName = "[No Variations]"
Change component parameters (AddParameter): Name = "物料名称"; Value = "直插二极管"; VariantName = "[No Variations]"
Change component parameters (AddParameter): Name = "编码"; Value = ""; VariantName = "[No Variations]"
Change component parameters (AddParameter): Name = "规格/型号"; Value = "F5,圆头,红外发射"; VariantName = "[No Variations]"
Change component parameters: Designator = "LED5"; Footprint = "IR-F5-V"; UniqueID = "\VPUEIDWO"
Change component parameters. Clean all parameters for all variants
Change component parameters (AddParameter): Name = "供应商"; Value = ""; VariantName = "[No Variations]"
Change component parameters (AddParameter): Name = "品牌"; Value = ""; VariantName = "[No Variations]"
Change component parameters (AddParameter): Name = "物料名称"; Value = "直插二极管"; VariantName = "[No Variations]"
Change component parameters (AddParameter): Name = "编码"; Value = ""; VariantName = "[No Variations]"
Change component parameters (AddParameter): Name = "规格/型号"; Value = "F5,圆头,红外发射"; VariantName = "[No Variations]"
Change component parameters: Designator = "LED6"; Footprint = "IR-F5-V"; UniqueID = "\THOKOYBH"
Change component parameters. Clean all parameters for all variants
Change component parameters (AddParameter): Name = "供应商"; Value = ""; VariantName = "[No Variations]"
Change component parameters (AddParameter): Name = "品牌"; Value = ""; VariantName = "[No Variations]"
Change component parameters (AddParameter): Name = "物料名称"; Value = "直插二极管"; VariantName = "[No Variations]"
Change component parameters (AddParameter): Name = "编码"; Value = ""; VariantName = "[No Variations]"
Change component parameters (AddParameter): Name = "规格/型号"; Value = "F5,圆头,红外发射"; VariantName = "[No Variations]"
Change component parameters: Designator = "R1"; Footprint = "R0603"; UniqueID = "\GCXCYPAR"
Change component parameters. Clean all parameters for all variants
Change component parameters (AddParameter): Name = "供应商"; Value = ""; VariantName = "[No Variations]"
Change component parameters (AddParameter): Name = "单价"; Value = "0.02"; VariantName = "[No Variations]"
Change component parameters (AddParameter): Name = "品牌"; Value = ""; VariantName = "[No Variations]"
Change component parameters (AddParameter): Name = "物料名称"; Value = "贴片电阻"; VariantName = "[No Variations]"
Change component parameters (AddParameter): Name = "编码"; Value = ""; VariantName = "[No Variations]"
Change component parameters (AddParameter): Name = "规格/型号"; Value = "10K,±5%,0603"; VariantName = "[No Variations]"
Change component parameters: Designator = "R14"; Footprint = "R0603"; UniqueID = "\IATHIHLJ"
Change component parameters. Clean all parameters for all variants
Change component parameters (AddParameter): Name = "供应商"; Value = ""; VariantName = "[No Variations]"
Change component parameters (AddParameter): Name = "单价"; Value = "0.02"; VariantName = "[No Variations]"
Change component parameters (AddParameter): Name = "品牌"; Value = ""; VariantName = "[No Variations]"
Change component parameters (AddParameter): Name = "物料名称"; Value = "贴片电阻"; VariantName = "[No Variations]"
Change component parameters (AddParameter): Name = "编码"; Value = ""; VariantName = "[No Variations]"
Change component parameters (AddParameter): Name = "规格/型号"; Value = "5K,±5%,0603"; VariantName = "[No Variations]"
Change component parameters: Designator = "R17"; Footprint = "R0603"; UniqueID = "\JOKOYUOY"
Change component parameters. Clean all parameters for all variants
Change component parameters (AddParameter): Name = "供应商"; Value = ""; VariantName = "[No Variations]"
Change component parameters (AddParameter): Name = "单价"; Value = "0.02"; VariantName = "[No Variations]"
Change component parameters (AddParameter): Name = "品牌"; Value = ""; VariantName = "[No Variations]"
Change component parameters (AddParameter): Name = "物料名称"; Value = "贴片电阻"; VariantName = "[No Variations]"
Change component parameters (AddParameter): Name = "编码"; Value = ""; VariantName = "[No Variations]"
Change component parameters (AddParameter): Name = "规格/型号"; Value = "300Ω,±5%,0603"; VariantName = "[No Variations]"
Change component parameters: Designator = "R18"; Footprint = "R0603"; UniqueID = "\HRGXDSVX"
Change component parameters. Clean all parameters for all variants
Change component parameters (AddParameter): Name = "供应商"; Value = ""; VariantName = "[No Variations]"
Change component parameters (AddParameter): Name = "单价"; Value = "0.02"; VariantName = "[No Variations]"
Change component parameters (AddParameter): Name = "品牌"; Value = ""; VariantName = "[No Variations]"
Change component parameters (AddParameter): Name = "物料名称"; Value = "贴片电阻"; VariantName = "[No Variations]"
Change component parameters (AddParameter): Name = "编码"; Value = ""; VariantName = "[No Variations]"
Change component parameters (AddParameter): Name = "规格/型号"; Value = "10K,±5%,0603"; VariantName = "[No Variations]"
Change component parameters: Designator = "C1"; Footprint = "C0603"; UniqueID = "\WJPPYSAK"
Change component parameters. Clean all parameters for all variants
Change component parameters (AddParameter): Name = "Revision"; Value = ""; VariantName = "[No Variations]"
Change component parameters (AddParameter): Name = "供应商"; Value = ""; VariantName = "[No Variations]"
Change component parameters (AddParameter): Name = "单价"; Value = ""; VariantName = "[No Variations]"
Change component parameters (AddParameter): Name = "参数"; Value = ""; VariantName = "[No Variations]"
Change component parameters (AddParameter): Name = "品牌"; Value = ""; VariantName = "[No Variations]"
Change component parameters (AddParameter): Name = "物料名称"; Value = "贴片电容"; VariantName = "[No Variations]"
Change component parameters (AddParameter): Name = "编码"; Value = "无"; VariantName = "[No Variations]"
Change component parameters (AddParameter): Name = "规格/型号"; Value = "100nF,50V,0603"; VariantName = "[No Variations]"
Change component parameters: Designator = "C2"; Footprint = "C0603"; UniqueID = "\BQFUCDYY"
Change component parameters. Clean all parameters for all variants
Change component parameters (AddParameter): Name = "Revision"; Value = ""; VariantName = "[No Variations]"
Change component parameters (AddParameter): Name = "供应商"; Value = ""; VariantName = "[No Variations]"
Change component parameters (AddParameter): Name = "单价"; Value = ""; VariantName = "[No Variations]"
Change component parameters (AddParameter): Name = "参数"; Value = ""; VariantName = "[No Variations]"
Change component parameters (AddParameter): Name = "品牌"; Value = ""; VariantName = "[No Variations]"
Change component parameters (AddParameter): Name = "物料名称"; Value = "贴片电容"; VariantName = "[No Variations]"
Change component parameters (AddParameter): Name = "编码"; Value = "无"; VariantName = "[No Variations]"
Change component parameters (AddParameter): Name = "规格/型号"; Value = "100nF,50V,0603"; VariantName = "[No Variations]"
Change component parameters: Designator = "C3"; Footprint = "C0603"; UniqueID = "\YNEUEDQP"
Change component parameters. Clean all parameters for all variants
Change component parameters (AddParameter): Name = "Revision"; Value = ""; VariantName = "[No Variations]"
Change component parameters (AddParameter): Name = "供应商"; Value = ""; VariantName = "[No Variations]"
Change component parameters (AddParameter): Name = "单价"; Value = ""; VariantName = "[No Variations]"
Change component parameters (AddParameter): Name = "参数"; Value = ""; VariantName = "[No Variations]"
Change component parameters (AddParameter): Name = "品牌"; Value = ""; VariantName = "[No Variations]"
Change component parameters (AddParameter): Name = "物料名称"; Value = "贴片电容"; VariantName = "[No Variations]"
Change component parameters (AddParameter): Name = "编码"; Value = "无"; VariantName = "[No Variations]"
Change component parameters (AddParameter): Name = "规格/型号"; Value = "100nF,50V,0603"; VariantName = "[No Variations]"
Change component parameters: Designator = "C4"; Footprint = "C0603"; UniqueID = "\GTGDMRRW"
Change component parameters. Clean all parameters for all variants
Change component parameters (AddParameter): Name = "Revision"; Value = ""; VariantName = "[No Variations]"
Change component parameters (AddParameter): Name = "供应商"; Value = ""; VariantName = "[No Variations]"
Change component parameters (AddParameter): Name = "单价"; Value = ""; VariantName = "[No Variations]"
Change component parameters (AddParameter): Name = "参数"; Value = ""; VariantName = "[No Variations]"
Change component parameters (AddParameter): Name = "品牌"; Value = ""; VariantName = "[No Variations]"
Change component parameters (AddParameter): Name = "物料名称"; Value = "贴片电容"; VariantName = "[No Variations]"
Change component parameters (AddParameter): Name = "编码"; Value = "无"; VariantName = "[No Variations]"
Change component parameters (AddParameter): Name = "规格/型号"; Value = "100nF,50V,0603"; VariantName = "[No Variations]"
Change component parameters: Designator = "C5"; Footprint = "C0603"; UniqueID = "\TGGBRYPC"
Change component parameters. Clean all parameters for all variants
Change component parameters (AddParameter): Name = "Revision"; Value = ""; VariantName = "[No Variations]"
Change component parameters (AddParameter): Name = "供应商"; Value = ""; VariantName = "[No Variations]"
Change component parameters (AddParameter): Name = "单价"; Value = ""; VariantName = "[No Variations]"
Change component parameters (AddParameter): Name = "参数"; Value = ""; VariantName = "[No Variations]"
Change component parameters (AddParameter): Name = "品牌"; Value = ""; VariantName = "[No Variations]"
Change component parameters (AddParameter): Name = "物料名称"; Value = "贴片电容"; VariantName = "[No Variations]"
Change component parameters (AddParameter): Name = "编码"; Value = "无"; VariantName = "[No Variations]"
Change component parameters (AddParameter): Name = "规格/型号"; Value = "20pF,50V,0603"; VariantName = "[No Variations]"
Change component parameters: Designator = "C6"; Footprint = "C0603"; UniqueID = "\RRNAUQEI"
Change component parameters. Clean all parameters for all variants
Change component parameters (AddParameter): Name = "Revision"; Value = ""; VariantName = "[No Variations]"
Change component parameters (AddParameter): Name = "供应商"; Value = ""; VariantName = "[No Variations]"
Change component parameters (AddParameter): Name = "单价"; Value = ""; VariantName = "[No Variations]"
Change component parameters (AddParameter): Name = "参数"; Value = ""; VariantName = "[No Variations]"
Change component parameters (AddParameter): Name = "品牌"; Value = ""; VariantName = "[No Variations]"
Change component parameters (AddParameter): Name = "物料名称"; Value = "贴片电容"; VariantName = "[No Variations]"
Change component parameters (AddParameter): Name = "编码"; Value = "无"; VariantName = "[No Variations]"
Change component parameters (AddParameter): Name = "规格/型号"; Value = "20pF,50V,0603"; VariantName = "[No Variations]"
Change component parameters: Designator = "C7"; Footprint = "C0603"; UniqueID = "\KNWUWTDB"
Change component parameters. Clean all parameters for all variants
Change component parameters (AddParameter): Name = "Revision"; Value = ""; VariantName = "[No Variations]"
Change component parameters (AddParameter): Name = "供应商"; Value = ""; VariantName = "[No Variations]"
Change component parameters (AddParameter): Name = "品牌"; Value = ""; VariantName = "[No Variations]"
Change component parameters (AddParameter): Name = "物料名称"; Value = "贴片电容"; VariantName = "[No Variations]"
Change component parameters (AddParameter): Name = "编码"; Value = "无"; VariantName = "[No Variations]"
Change component parameters (AddParameter): Name = "规格/型号"; Value = "10nF,16V,0603"; VariantName = "[No Variations]"
Change component parameters: Designator = "C8"; Footprint = "C0603"; UniqueID = "\ETDLXVHY"
Change component parameters. Clean all parameters for all variants
Change component parameters (AddParameter): Name = "Revision"; Value = ""; VariantName = "[No Variations]"
Change component parameters (AddParameter): Name = "供应商"; Value = ""; VariantName = "[No Variations]"
Change component parameters (AddParameter): Name = "单价"; Value = ""; VariantName = "[No Variations]"
Change component parameters (AddParameter): Name = "品牌"; Value = ""; VariantName = "[No Variations]"
Change component parameters (AddParameter): Name = "物料名称"; Value = "贴片电容"; VariantName = "[No Variations]"
Change component parameters (AddParameter): Name = "编码"; Value = "无"; VariantName = "[No Variations]"
Change component parameters (AddParameter): Name = "规格/型号"; Value = "10uF,16V,0603"; VariantName = "[No Variations]"
Change component parameters: Designator = "C9"; Footprint = "C0603"; UniqueID = "\NSBYGGRR"
Change component parameters. Clean all parameters for all variants
Change component parameters (AddParameter): Name = "Revision"; Value = ""; VariantName = "[No Variations]"
Change component parameters (AddParameter): Name = "供应商"; Value = ""; VariantName = "[No Variations]"
Change component parameters (AddParameter): Name = "单价"; Value = ""; VariantName = "[No Variations]"
Change component parameters (AddParameter): Name = "品牌"; Value = ""; VariantName = "[No Variations]"
Change component parameters (AddParameter): Name = "物料名称"; Value = "贴片电容"; VariantName = "[No Variations]"
Change component parameters (AddParameter): Name = "编码"; Value = "无"; VariantName = "[No Variations]"
Change component parameters (AddParameter): Name = "规格/型号"; Value = "10uF,16V,0603"; VariantName = "[No Variations]"
Change component parameters: Designator = "C10"; Footprint = "C0603"; UniqueID = "\VDGIBOET"
Change component parameters. Clean all parameters for all variants
Change component parameters (AddParameter): Name = "Revision"; Value = ""; VariantName = "[No Variations]"
Change component parameters (AddParameter): Name = "供应商"; Value = ""; VariantName = "[No Variations]"
Change component parameters (AddParameter): Name = "品牌"; Value = ""; VariantName = "[No Variations]"
Change component parameters (AddParameter): Name = "物料名称"; Value = "贴片电容"; VariantName = "[No Variations]"
Change component parameters (AddParameter): Name = "编码"; Value = "无"; VariantName = "[No Variations]"
Change component parameters (AddParameter): Name = "规格/型号"; Value = "100nF,50V,0603"; VariantName = "[No Variations]"
Change component parameters: Designator = "C11"; Footprint = "C0603"; UniqueID = "\CAROXFVF"
Change component parameters. Clean all parameters for all variants
Change component parameters (AddParameter): Name = "Revision"; Value = ""; VariantName = "[No Variations]"
Change component parameters (AddParameter): Name = "供应商"; Value = ""; VariantName = "[No Variations]"
Change component parameters (AddParameter): Name = "品牌"; Value = ""; VariantName = "[No Variations]"
Change component parameters (AddParameter): Name = "物料名称"; Value = "贴片电容"; VariantName = "[No Variations]"
Change component parameters (AddParameter): Name = "编码"; Value = "无"; VariantName = "[No Variations]"
Change component parameters (AddParameter): Name = "规格/型号"; Value = "100nF,50V,0603"; VariantName = "[No Variations]"
Change component parameters: Designator = "C12"; Footprint = "C0603"; UniqueID = "\NKRVNDIC"
Change component parameters. Clean all parameters for all variants
Change component parameters (AddParameter): Name = "Revision"; Value = ""; VariantName = "[No Variations]"
Change component parameters (AddParameter): Name = "供应商"; Value = ""; VariantName = "[No Variations]"
Change component parameters (AddParameter): Name = "单价"; Value = ""; VariantName = "[No Variations]"
Change component parameters (AddParameter): Name = "参数"; Value = ""; VariantName = "[No Variations]"
Change component parameters (AddParameter): Name = "品牌"; Value = ""; VariantName = "[No Variations]"
Change component parameters (AddParameter): Name = "物料名称"; Value = "贴片电容"; VariantName = "[No Variations]"
Change component parameters (AddParameter): Name = "编码"; Value = "无"; VariantName = "[No Variations]"
Change component parameters (AddParameter): Name = "规格/型号"; Value = "100nF,50V,0603"; VariantName = "[No Variations]"
Change component parameters: Designator = "C13"; Footprint = "TC3528X21B"; UniqueID = "\KELVSUGC"
Change component parameters. Clean all parameters for all variants
Change component parameters (AddParameter): Name = "供应商"; Value = ""; VariantName = "[No Variations]"
Change component parameters (AddParameter): Name = "品牌"; Value = ""; VariantName = "[No Variations]"
Change component parameters (AddParameter): Name = "物料名称"; Value = "贴片钽电容"; VariantName = "[No Variations]"
Change component parameters (AddParameter): Name = "编码"; Value = "1010202012"; VariantName = "[No Variations]"
Change component parameters (AddParameter): Name = "规格/型号"; Value = "钽电容,10uF,25V,3528,B型"; VariantName = "[No Variations]"
Change component parameters: Designator = "C14"; Footprint = "C0603"; UniqueID = "\MBMFGHYW"
Change component parameters. Clean all parameters for all variants
Change component parameters (AddParameter): Name = "Revision"; Value = ""; VariantName = "[No Variations]"
Change component parameters (AddParameter): Name = "供应商"; Value = ""; VariantName = "[No Variations]"
Change component parameters (AddParameter): Name = "单价"; Value = ""; VariantName = "[No Variations]"
Change component parameters (AddParameter): Name = "品牌"; Value = ""; VariantName = "[No Variations]"
Change component parameters (AddParameter): Name = "物料名称"; Value = "贴片电容"; VariantName = "[No Variations]"
Change component parameters (AddParameter): Name = "编码"; Value = "无"; VariantName = "[No Variations]"
Change component parameters (AddParameter): Name = "规格/型号"; Value = "1nF,50V,0603"; VariantName = "[No Variations]"
Change component parameters: Designator = "Q1"; Footprint = "SOT23"; UniqueID = "\GFSOTORS"
Change component parameters. Clean all parameters for all variants
Change component parameters (AddParameter): Name = "供应商"; Value = ""; VariantName = "[No Variations]"
Change component parameters (AddParameter): Name = "品牌"; Value = ""; VariantName = "[No Variations]"
Change component parameters (AddParameter): Name = "物料名称"; Value = "贴片三极管"; VariantName = "[No Variations]"
Change component parameters (AddParameter): Name = "编码"; Value = "1010401001"; VariantName = "[No Variations]"
Change component parameters (AddParameter): Name = "规格/型号"; Value = "NPN,8050,标字J3Y,SOT23"; VariantName = "[No Variations]"
Change component parameters: Designator = "U1"; Footprint = "LQFP64"; UniqueID = "\GCTQERMA"
Change component parameters. Clean all parameters for all variants
Change component parameters (AddParameter): Name = "供应商"; Value = ""; VariantName = "[No Variations]"
Change component parameters (AddParameter): Name = "单价"; Value = ""; VariantName = "[No Variations]"
Change component parameters (AddParameter): Name = "品牌"; Value = ""; VariantName = "[No Variations]"
Change component parameters (AddParameter): Name = "物料名称"; Value = "贴片芯片"; VariantName = "[No Variations]"
Change component parameters (AddParameter): Name = "编码"; Value = "1010501255"; VariantName = "[No Variations]"
Change component parameters (AddParameter): Name = "规格/型号"; Value = "STM32F103RCT6,LQFP64"; VariantName = "[No Variations]"
Change component parameters (AddParameter): Name = "配件"; Value = ""; VariantName = "[No Variations]"
Change component parameters: Designator = "J2"; Footprint = "USB mini/SM0.8-6H5"; UniqueID = "\CFCNXFDU"
Change component parameters. Clean all parameters for all variants
Change component parameters (AddParameter): Name = "DatasheetDocument"; Value = ""; VariantName = "[No Variations]"
Change component parameters (AddParameter): Name = "供应商"; Value = "https://item.taobao.com/item.htm?id=42475441054&ali_refid=a3_420434_1006:1104662507:N:usb+mini:d1ba3785cc0cd36a97b12c38263ecbb3&ali_trackid=1_d1ba3785cc0cd36a97b12c38263ecbb3&spm=a230r.1.1957635.13"; VariantName = "[No Variations]"
Change component parameters (AddParameter): Name = "单价"; Value = "0.1"; VariantName = "[No Variations]"
Change component parameters (AddParameter): Name = "品牌"; Value = ""; VariantName = "[No Variations]"
Change component parameters (AddParameter): Name = "物料名称"; Value = "USB接口"; VariantName = "[No Variations]"
Change component parameters (AddParameter): Name = "编码"; Value = ""; VariantName = "[No Variations]"
Change component parameters (AddParameter): Name = "规格/型号"; Value = "mini-USB 5PF,贴片T型,USB 母座,USB-5002"; VariantName = "[No Variations]"
Change component parameters (AddParameter): Name = "配件"; Value = ""; VariantName = "[No Variations]"
Change component parameters: Designator = "L1"; Footprint = "L0805"; UniqueID = "\OBUCAYKP"
Change component parameters. Clean all parameters for all variants
Change component parameters (AddParameter): Name = "供应商"; Value = ""; VariantName = "[No Variations]"
Change component parameters (AddParameter): Name = "单价"; Value = "0.04"; VariantName = "[No Variations]"
Change component parameters (AddParameter): Name = "品牌"; Value = "WE"; VariantName = "[No Variations]"
Change component parameters (AddParameter): Name = "物料名称"; Value = "贴片磁珠"; VariantName = "[No Variations]"
Change component parameters (AddParameter): Name = "编码"; Value = ""; VariantName = "[No Variations]"
Change component parameters (AddParameter): Name = "规格/型号"; Value = "WE-CBF,磁珠,600@100M，500Ohm,200mA,0805,742792042"; VariantName = "[No Variations]"
Change component parameters: Designator = "L2"; Footprint = "L0805"; UniqueID = "\DYNBAXBR"
Change component parameters. Clean all parameters for all variants
Change component parameters (AddParameter): Name = "供应商"; Value = ""; VariantName = "[No Variations]"
Change component parameters (AddParameter): Name = "单价"; Value = "0.04"; VariantName = "[No Variations]"
Change component parameters (AddParameter): Name = "品牌"; Value = "WE"; VariantName = "[No Variations]"
Change component parameters (AddParameter): Name = "物料名称"; Value = "贴片磁珠"; VariantName = "[No Variations]"
Change component parameters (AddParameter): Name = "编码"; Value = ""; VariantName = "[No Variations]"
Change component parameters (AddParameter): Name = "规格/型号"; Value = "WE-CBF,磁珠,600@100M，500Ohm,200mA,0805,742792042"; VariantName = "[No Variations]"
Change component parameters: Designator = "L3"; Footprint = "L0805"; UniqueID = "\WRGRIWIE"
Change component parameters. Clean all parameters for all variants
Change component parameters (AddParameter): Name = "供应商"; Value = ""; VariantName = "[No Variations]"
Change component parameters (AddParameter): Name = "单价"; Value = "0.04"; VariantName = "[No Variations]"
Change component parameters (AddParameter): Name = "品牌"; Value = "WE"; VariantName = "[No Variations]"
Change component parameters (AddParameter): Name = "物料名称"; Value = "贴片磁珠"; VariantName = "[No Variations]"
Change component parameters (AddParameter): Name = "编码"; Value = ""; VariantName = "[No Variations]"
Change component parameters (AddParameter): Name = "规格/型号"; Value = "WE-CBF,磁珠,600@100M，500Ohm,200mA,0805,742792042"; VariantName = "[No Variations]"
Change component parameters: Designator = "R2"; Footprint = "R0603"; UniqueID = "\VWCHJCRX"
Change component parameters. Clean all parameters for all variants
Change component parameters (AddParameter): Name = "供应商"; Value = ""; VariantName = "[No Variations]"
Change component parameters (AddParameter): Name = "单价"; Value = "0.02"; VariantName = "[No Variations]"
Change component parameters (AddParameter): Name = "参数"; Value = "±5%"; VariantName = "[No Variations]"
Change component parameters (AddParameter): Name = "品牌"; Value = ""; VariantName = "[No Variations]"
Change component parameters (AddParameter): Name = "物料名称"; Value = "贴片电阻"; VariantName = "[No Variations]"
Change component parameters (AddParameter): Name = "编码"; Value = ""; VariantName = "[No Variations]"
Change component parameters (AddParameter): Name = "规格/型号"; Value = "1M,±5%,0603"; VariantName = "[No Variations]"
Change component parameters: Designator = "R3"; Footprint = "R0603"; UniqueID = "\QHIXGNSP"
Change component parameters. Clean all parameters for all variants
Change component parameters (AddParameter): Name = "供应商"; Value = ""; VariantName = "[No Variations]"
Change component parameters (AddParameter): Name = "单价"; Value = "0.02"; VariantName = "[No Variations]"
Change component parameters (AddParameter): Name = "参数"; Value = "±5%"; VariantName = "[No Variations]"
Change component parameters (AddParameter): Name = "品牌"; Value = ""; VariantName = "[No Variations]"
Change component parameters (AddParameter): Name = "物料名称"; Value = "贴片电阻"; VariantName = "[No Variations]"
Change component parameters (AddParameter): Name = "编码"; Value = ""; VariantName = "[No Variations]"
Change component parameters (AddParameter): Name = "规格/型号"; Value = "10K,±5%,0603"; VariantName = "[No Variations]"
Change component parameters: Designator = "R4"; Footprint = "R0603"; UniqueID = "\LWCGBMWH"
Change component parameters. Clean all parameters for all variants
Change component parameters (AddParameter): Name = "供应商"; Value = ""; VariantName = "[No Variations]"
Change component parameters (AddParameter): Name = "单价"; Value = "0.02"; VariantName = "[No Variations]"
Change component parameters (AddParameter): Name = "参数"; Value = "±5%"; VariantName = "[No Variations]"
Change component parameters (AddParameter): Name = "品牌"; Value = ""; VariantName = "[No Variations]"
Change component parameters (AddParameter): Name = "物料名称"; Value = "贴片电阻"; VariantName = "[No Variations]"
Change component parameters (AddParameter): Name = "编码"; Value = ""; VariantName = "[No Variations]"
Change component parameters (AddParameter): Name = "规格/型号"; Value = "10K,±5%,0603"; VariantName = "[No Variations]"
Change component parameters: Designator = "R15"; Footprint = "R0603"; UniqueID = "\DVEJUPGL"
Change component parameters. Clean all parameters for all variants
Change component parameters (AddParameter): Name = "供应商"; Value = ""; VariantName = "[No Variations]"
Change component parameters (AddParameter): Name = "单价"; Value = "0.02"; VariantName = "[No Variations]"
Change component parameters (AddParameter): Name = "参数"; Value = "±5%"; VariantName = "[No Variations]"
Change component parameters (AddParameter): Name = "品牌"; Value = ""; VariantName = "[No Variations]"
Change component parameters (AddParameter): Name = "物料名称"; Value = "贴片电阻"; VariantName = "[No Variations]"
Change component parameters (AddParameter): Name = "编码"; Value = ""; VariantName = "[No Variations]"
Change component parameters (AddParameter): Name = "规格/型号"; Value = "300Ω,±5%,0603"; VariantName = "[No Variations]"
Change component parameters: Designator = "R16"; Footprint = "R0603"; UniqueID = "\CRHYWXLY"
Change component parameters. Clean all parameters for all variants
Change component parameters (AddParameter): Name = "供应商"; Value = ""; VariantName = "[No Variations]"
Change component parameters (AddParameter): Name = "单价"; Value = "0.02"; VariantName = "[No Variations]"
Change component parameters (AddParameter): Name = "参数"; Value = "±5%"; VariantName = "[No Variations]"
Change component parameters (AddParameter): Name = "品牌"; Value = ""; VariantName = "[No Variations]"
Change component parameters (AddParameter): Name = "物料名称"; Value = "贴片电阻"; VariantName = "[No Variations]"
Change component parameters (AddParameter): Name = "编码"; Value = ""; VariantName = "[No Variations]"
Change component parameters (AddParameter): Name = "规格/型号"; Value = "300Ω,±5%,0603"; VariantName = "[No Variations]"
Change component parameters: Designator = "S1"; Footprint = "SW2-6.0X6.0X4.3-R-SMD"; UniqueID = "\EGGPGAUJ"
Change component parameters. Clean all parameters for all variants
Change component parameters (AddParameter): Name = "供应商"; Value = "https://item.taobao.com/item.htm?id=40753584004&ali_refid=a3_430582_1006:1107660778:N:%E8%BD%BB%E8%A7%A6%E5%BC%80%E5%85%B3+4%E8%84%9A:8617e68bea4bb3f9b632d97741335970&ali_trackid=1_8617e68bea4bb3f9b632d97741335970&spm=a230r.1.14.1#detail"; VariantName = "[No Variations]"
Change component parameters (AddParameter): Name = "单价"; Value = ""; VariantName = "[No Variations]"
Change component parameters (AddParameter): Name = "参数"; Value = ""; VariantName = "[No Variations]"
Change component parameters (AddParameter): Name = "品牌"; Value = ""; VariantName = "[No Variations]"
Change component parameters (AddParameter): Name = "物料名称"; Value = "贴片轻触开关"; VariantName = "[No Variations]"
Change component parameters (AddParameter): Name = "编码"; Value = ""; VariantName = "[No Variations]"
Change component parameters (AddParameter): Name = "规格/型号"; Value = "轻触开关,6*6*4.3mm,4PIN,红色,贴片"; VariantName = "[No Variations]"
Change component parameters: Designator = "U3"; Footprint = "HS0038-H"; UniqueID = "\ISGKSRAX"
Change component parameters. Clean all parameters for all variants
Change component parameters (AddParameter): Name = "供应商"; Value = "https://item.taobao.com/item.htm?spm=a1z09.2.0.0.2a4e7746xLRNWW&id=522575401769&_u=p65bp1a427f"; VariantName = "[No Variations]"
Change component parameters (AddParameter): Name = "品牌"; Value = ""; VariantName = "[No Variations]"
Change component parameters (AddParameter): Name = "物料名称"; Value = "一体红外接收头"; VariantName = "[No Variations]"
Change component parameters (AddParameter): Name = "编码"; Value = "1012001008"; VariantName = "[No Variations]"
Change component parameters (AddParameter): Name = "规格/型号"; Value = "HS0038,一体红外接收头,小圆头,2.5MM,黑色,3脚"; VariantName = "[No Variations]"
Change component parameters: Designator = "R13"; Footprint = "R0603"; UniqueID = "\DWNNGTQD"
Change component parameters. Clean all parameters for all variants
Change component parameters (AddParameter): Name = "供应商"; Value = ""; VariantName = "[No Variations]"
Change component parameters (AddParameter): Name = "单价"; Value = "0.02"; VariantName = "[No Variations]"
Change component parameters (AddParameter): Name = "品牌"; Value = ""; VariantName = "[No Variations]"
Change component parameters (AddParameter): Name = "物料名称"; Value = "贴片电阻"; VariantName = "[No Variations]"
Change component parameters (AddParameter): Name = "编码"; Value = "1010101190"; VariantName = "[No Variations]"
Change component parameters (AddParameter): Name = "规格/型号"; Value = "1K,±5%,0603"; VariantName = "[No Variations]"
Change component parameters: Designator = "U2"; Footprint = "SOT-223"; UniqueID = "\VOKCMTQY"
Change component parameters. Clean all parameters for all variants
Change component parameters (AddParameter): Name = "供应商"; Value = ""; VariantName = "[No Variations]"
Change component parameters (AddParameter): Name = "单价"; Value = "0.18"; VariantName = "[No Variations]"
Change component parameters (AddParameter): Name = "品牌"; Value = ""; VariantName = "[No Variations]"
Change component parameters (AddParameter): Name = "物料名称"; Value = "贴片稳压芯片"; VariantName = "[No Variations]"
Change component parameters (AddParameter): Name = "编码"; Value = "1010402018"; VariantName = "[No Variations]"
Change component parameters (AddParameter): Name = "规格/型号"; Value = "AMS1117-3.3,SOT-223"; VariantName = "[No Variations]"
Change component parameters (AddParameter): Name = "配件"; Value = ""; VariantName = "[No Variations]"
Change component parameters: Designator = "LED7"; Footprint = "LED_3528RGB"; UniqueID = "\HLHTDYEK"
Change component parameters. Clean all parameters for all variants
Change component parameters (AddParameter): Name = "供应商"; Value = "https://detail.tmall.com/item.htm?id=569373898165&ali_refid=a3_430583_1006:1110290364:N:LED%20RGB%203528:b82c81972ee6bbf0f7d8655d7a2e02d6&ali_trackid=1_b82c81972ee6bbf0f7d8655d7a2e02d6&spm=a230r.1.14.1"; VariantName = "[No Variations]"
Change component parameters (AddParameter): Name = "单价"; Value = "0.125"; VariantName = "[No Variations]"
Change component parameters (AddParameter): Name = "参数"; Value = "R:2.0-2.2  G:3.0-3.2 B:3.0-3.2"; VariantName = "[No Variations]"
Change component parameters (AddParameter): Name = "品牌"; Value = ""; VariantName = "[No Variations]"
Change component parameters (AddParameter): Name = "物料名称"; Value = "贴片发光二极管"; VariantName = "[No Variations]"
Change component parameters (AddParameter): Name = "编码"; Value = ""; VariantName = "[No Variations]"
Change component parameters (AddParameter): Name = "规格/型号"; Value = "3528贴片LED红蓝绿三色七彩雾状灯珠,20mA"; VariantName = "[No Variations]"
Change component parameters: Designator = "R5"; Footprint = "R0603"; UniqueID = "\FJAVXVEF"
Change component parameters. Clean all parameters for all variants
Change component parameters (AddParameter): Name = "供应商"; Value = ""; VariantName = "[No Variations]"
Change component parameters (AddParameter): Name = "单价"; Value = "0.02"; VariantName = "[No Variations]"
Change component parameters (AddParameter): Name = "参数"; Value = "±5%"; VariantName = "[No Variations]"
Change component parameters (AddParameter): Name = "品牌"; Value = ""; VariantName = "[No Variations]"
Change component parameters (AddParameter): Name = "物料名称"; Value = "贴片电阻"; VariantName = "[No Variations]"
Change component parameters (AddParameter): Name = "编码"; Value = "1010101190"; VariantName = "[No Variations]"
Change component parameters (AddParameter): Name = "规格/型号"; Value = "1K,±5%,0603"; VariantName = "[No Variations]"
Change component parameters: Designator = "R6"; Footprint = "R0603"; UniqueID = "\CFGCOWTR"
Change component parameters. Clean all parameters for all variants
Change component parameters (AddParameter): Name = "供应商"; Value = ""; VariantName = "[No Variations]"
Change component parameters (AddParameter): Name = "单价"; Value = "0.02"; VariantName = "[No Variations]"
Change component parameters (AddParameter): Name = "参数"; Value = "±5%"; VariantName = "[No Variations]"
Change component parameters (AddParameter): Name = "品牌"; Value = ""; VariantName = "[No Variations]"
Change component parameters (AddParameter): Name = "物料名称"; Value = "贴片电阻"; VariantName = "[No Variations]"
Change component parameters (AddParameter): Name = "编码"; Value = "1010101190"; VariantName = "[No Variations]"
Change component parameters (AddParameter): Name = "规格/型号"; Value = "1K,±5%,0603"; VariantName = "[No Variations]"
Change component parameters: Designator = "U4"; Footprint = "Module_ZigBee_Z-0003"; UniqueID = "\MIXMFNAU"
Change component parameters. Clean all parameters for all variants
Change component parameters (AddParameter): Name = "供应商"; Value = "https://item.taobao.com/item.htm?spm=a1z09.2.0.0.59a32e8dJHoI4V&id=20029637731&_u=c1sequth8fa8"; VariantName = "[No Variations]"
Change component parameters (AddParameter): Name = "单价"; Value = "28"; VariantName = "[No Variations]"
Change component parameters (AddParameter): Name = "品牌"; Value = "蜂汇"; VariantName = "[No Variations]"
Change component parameters (AddParameter): Name = "物料名称"; Value = "zigbee模块"; VariantName = "[No Variations]"
Change component parameters (AddParameter): Name = "编码"; Value = ""; VariantName = "[No Variations]"
Change component parameters (AddParameter): Name = "规格/型号"; Value = "ZigBee模块,TI CC2530F256,PCB天线,邮票板"; VariantName = "[No Variations]"
Change component parameters (AddParameter): Name = "配件"; Value = ""; VariantName = "[No Variations]"
Change component parameters: Designator = "Y1"; Footprint = "X_HC49-S"; UniqueID = "\WOAEOAOE"
Change component parameters. Clean all parameters for all variants
Change component parameters (AddParameter): Name = "供应商"; Value = ""; VariantName = "[No Variations]"
Change component parameters (AddParameter): Name = "单价"; Value = ""; VariantName = "[No Variations]"
Change component parameters (AddParameter): Name = "品牌"; Value = ""; VariantName = "[No Variations]"
Change component parameters (AddParameter): Name = "物料名称"; Value = "直插无源晶振"; VariantName = "[No Variations]"
Change component parameters (AddParameter): Name = "编码"; Value = "1011201001"; VariantName = "[No Variations]"
Change component parameters (AddParameter): Name = "规格/型号"; Value = "8MHz,HC-49S,插针式"; VariantName = "[No Variations]"
Change component parameters (AddParameter): Name = "配件"; Value = ""; VariantName = "[No Variations]"
Change component parameters: Designator = "R7"; Footprint = "R0603"; UniqueID = "\HTAFSVSE"
Change component parameters. Clean all parameters for all variants
Change component parameters (AddParameter): Name = "供应商"; Value = ""; VariantName = "[No Variations]"
Change component parameters (AddParameter): Name = "单价"; Value = "0.02"; VariantName = "[No Variations]"
Change component parameters (AddParameter): Name = "参数"; Value = "±5%"; VariantName = "[No Variations]"
Change component parameters (AddParameter): Name = "品牌"; Value = ""; VariantName = "[No Variations]"
Change component parameters (AddParameter): Name = "物料名称"; Value = "贴片电阻"; VariantName = "[No Variations]"
Change component parameters (AddParameter): Name = "编码"; Value = ""; VariantName = "[No Variations]"
Change component parameters (AddParameter): Name = "规格/型号"; Value = "51Ω,±5%,0603"; VariantName = "[No Variations]"
Change component parameters: Designator = "R8"; Footprint = "R0603"; UniqueID = "\HKVUQEQN"
Change component parameters. Clean all parameters for all variants
Change component parameters (AddParameter): Name = "供应商"; Value = ""; VariantName = "[No Variations]"
Change component parameters (AddParameter): Name = "单价"; Value = "0.02"; VariantName = "[No Variations]"
Change component parameters (AddParameter): Name = "参数"; Value = "±5%"; VariantName = "[No Variations]"
Change component parameters (AddParameter): Name = "品牌"; Value = ""; VariantName = "[No Variations]"
Change component parameters (AddParameter): Name = "物料名称"; Value = "贴片电阻"; VariantName = "[No Variations]"
Change component parameters (AddParameter): Name = "编码"; Value = ""; VariantName = "[No Variations]"
Change component parameters (AddParameter): Name = "规格/型号"; Value = "51Ω,±5%,0603"; VariantName = "[No Variations]"
Change component parameters: Designator = "R9"; Footprint = "R0603"; UniqueID = "\GSJRXFMO"
Change component parameters. Clean all parameters for all variants
Change component parameters (AddParameter): Name = "供应商"; Value = ""; VariantName = "[No Variations]"
Change component parameters (AddParameter): Name = "单价"; Value = "0.02"; VariantName = "[No Variations]"
Change component parameters (AddParameter): Name = "参数"; Value = "±5%"; VariantName = "[No Variations]"
Change component parameters (AddParameter): Name = "品牌"; Value = ""; VariantName = "[No Variations]"
Change component parameters (AddParameter): Name = "物料名称"; Value = "贴片电阻"; VariantName = "[No Variations]"
Change component parameters (AddParameter): Name = "编码"; Value = ""; VariantName = "[No Variations]"
Change component parameters (AddParameter): Name = "规格/型号"; Value = "51Ω,±5%,0603"; VariantName = "[No Variations]"
Change component parameters: Designator = "R10"; Footprint = "R0603"; UniqueID = "\CIWCNYUM"
Change component parameters. Clean all parameters for all variants
Change component parameters (AddParameter): Name = "供应商"; Value = ""; VariantName = "[No Variations]"
Change component parameters (AddParameter): Name = "单价"; Value = "0.02"; VariantName = "[No Variations]"
Change component parameters (AddParameter): Name = "参数"; Value = "±5%"; VariantName = "[No Variations]"
Change component parameters (AddParameter): Name = "品牌"; Value = ""; VariantName = "[No Variations]"
Change component parameters (AddParameter): Name = "物料名称"; Value = "贴片电阻"; VariantName = "[No Variations]"
Change component parameters (AddParameter): Name = "编码"; Value = ""; VariantName = "[No Variations]"
Change component parameters (AddParameter): Name = "规格/型号"; Value = "51Ω,±5%,0603"; VariantName = "[No Variations]"
Change component parameters: Designator = "R11"; Footprint = "R0603"; UniqueID = "\TFGPTLWW"
Change component parameters. Clean all parameters for all variants
Change component parameters (AddParameter): Name = "供应商"; Value = ""; VariantName = "[No Variations]"
Change component parameters (AddParameter): Name = "单价"; Value = "0.02"; VariantName = "[No Variations]"
Change component parameters (AddParameter): Name = "参数"; Value = "±5%"; VariantName = "[No Variations]"
Change component parameters (AddParameter): Name = "品牌"; Value = ""; VariantName = "[No Variations]"
Change component parameters (AddParameter): Name = "物料名称"; Value = "贴片电阻"; VariantName = "[No Variations]"
Change component parameters (AddParameter): Name = "编码"; Value = ""; VariantName = "[No Variations]"
Change component parameters (AddParameter): Name = "规格/型号"; Value = "51Ω,±5%,0603"; VariantName = "[No Variations]"
Change component parameters: Designator = "R12"; Footprint = "R0603"; UniqueID = "\QNSCVMPQ"
Change component parameters. Clean all parameters for all variants
Change component parameters (AddParameter): Name = "供应商"; Value = ""; VariantName = "[No Variations]"
Change component parameters (AddParameter): Name = "单价"; Value = "0.02"; VariantName = "[No Variations]"
Change component parameters (AddParameter): Name = "参数"; Value = "±5%"; VariantName = "[No Variations]"
Change component parameters (AddParameter): Name = "品牌"; Value = ""; VariantName = "[No Variations]"
Change component parameters (AddParameter): Name = "物料名称"; Value = "贴片电阻"; VariantName = "[No Variations]"
Change component parameters (AddParameter): Name = "编码"; Value = ""; VariantName = "[No Variations]"
Change component parameters (AddParameter): Name = "规格/型号"; Value = "51Ω,±5%,0603"; VariantName = "[No Variations]"
Change component parameters: Designator = "S2"; Footprint = "SW2-4.5*4.5*4.8MM-Side-BK"; UniqueID = "\BDPHNSID"
Change component parameters. Clean all parameters for all variants
Change component parameters (AddParameter): Name = "供应商"; Value = "https://detail.tmall.com/item.htm?spm=a230r.1.14.13.2b5b6ed7J7ZdZk&id=521248158918&cm_id=140105335569ed55e27b&abbucket=13"; VariantName = "[No Variations]"
Change component parameters (AddParameter): Name = "单价"; Value = "0.25"; VariantName = "[No Variations]"
Change component parameters (AddParameter): Name = "参数"; Value = ""; VariantName = "[No Variations]"
Change component parameters (AddParameter): Name = "品牌"; Value = ""; VariantName = "[No Variations]"
Change component parameters (AddParameter): Name = "物料名称"; Value = "贴片式轻触开关"; VariantName = "[No Variations]"
Change component parameters (AddParameter): Name = "编码"; Value = "无"; VariantName = "[No Variations]"
Change component parameters (AddParameter): Name = "规格/型号"; Value = "4.5X4.5X4.8,侧按3P,黑"; VariantName = "[No Variations]"
Change component parameters: Designator = "J1"; Footprint = "HDRM-2.54-1*5P-AK"; UniqueID = "\HAVLGICE"
Change component parameters. Clean all parameters for all variants
Change component parameters (AddParameter): Name = "DatasheetDocument"; Value = ""; VariantName = "[No Variations]"
Change component parameters (AddParameter): Name = "供应商"; Value = ""; VariantName = "[No Variations]"
Change component parameters (AddParameter): Name = "单价"; Value = ""; VariantName = "[No Variations]"
Change component parameters (AddParameter): Name = "品牌"; Value = ""; VariantName = "[No Variations]"
Change component parameters (AddParameter): Name = "物料名称"; Value = "排针"; VariantName = "[No Variations]"
Change component parameters (AddParameter): Name = "编码"; Value = ""; VariantName = "[No Variations]"
Change component parameters (AddParameter): Name = "规格/型号"; Value = "排针,间距2.54,针长11mm,1*5P,180°直插"; VariantName = "[No Variations]"
Change component parameters (AddParameter): Name = "配件"; Value = ""; VariantName = "[No Variations]"
Added Member To Class: ClassName=学习型红外转发器-MCU Member=Component C2 100nF
Added Member To Class: ClassName=学习型红外转发器 Member=Component J3 HDRM-1*5-2.54-AK
Added Member To Class: ClassName=学习型红外转发器-MCU Member=Component R4 10K
Added Member To Class: ClassName=学习型红外转发器-MCU Member=Component R5 1K
Added Member To Class: ClassName=学习型红外转发器 Member=Component R11 51Ω
Added Member To Class: ClassName=学习型红外转发器 Member=Component R14 5K
Added Member To Class: ClassName=学习型红外转发器 Member=Component R17 300Ω
Added Member To Class: ClassName=学习型红外转发器 Member=Component U2 AMS1117-3.3V
