C51 COMPILER V9.54   DEBUG                                                                 03/08/2018 16:33:08 PAGE 1   


C51 COMPILER V9.54, COMPILATION OF MODULE DEBUG
OBJECT MODULE PLACED IN .\Objects\Debug.obj
COMPILER INVOKED BY: D:\Keil\Software\C51\BIN\C51.EXE User\Debug.c OMF2 OPTIMIZE(8,SPEED) BROWSE INCDIR(..\faultSet;.\Us
                    -er;.\Hardware;.\StdPeriph_Driver) DEBUG PRINT(.\Listings\Debug.lst) OBJECT(.\Objects\Debug.obj)

line level    source

   1          #include "Debug.h"
   2          
   3          void USARTDebug_Init(void){     //485通讯接口初始化
   4   1      
   5   1              COMx_InitDefine  UARTdebugPort;
   6   1              
   7   1              UARTdebugPort.UART_Mode = UART_8bit_BRTx;
   8   1              UARTdebugPort.UART_BRT_Use = BRT_Timer1;
   9   1              UARTdebugPort.UART_BaudRate = 115200UL;
  10   1              UARTdebugPort.Morecommunicate = DISABLE;
  11   1              UARTdebugPort.UART_RxEnable = ENABLE;
  12   1              UARTdebugPort.BaudRateDouble = DISABLE;
  13   1              UARTdebugPort.UART_Interrupt = ENABLE;
  14   1              UARTdebugPort.UART_Polity = PolityLow;
  15   1              UARTdebugPort.UART_P_SW = UART1_SW_P30_P31;
  16   1              UARTdebugPort.UART_RXD_TXD_Short = DISABLE;
  17   1              USART_Configuration(USART2,&UARTdebugPort);
  18   1      }


MODULE INFORMATION:   STATIC OVERLAYABLE
   CODE SIZE        =     45    ----
   CONSTANT SIZE    =   ----    ----
   XDATA SIZE       =   ----    ----
   PDATA SIZE       =   ----    ----
   DATA SIZE        =   ----      13
   IDATA SIZE       =   ----    ----
   BIT SIZE         =   ----    ----
   EDATA SIZE       =   ----    ----
   HDATA SIZE       =   ----    ----
   XDATA CONST SIZE =   ----    ----
   FAR CONST SIZE   =   ----    ----
END OF MODULE INFORMATION.


C51 COMPILATION COMPLETE.  0 WARNING(S),  0 ERROR(S)
